SF:lib\pure_harvest.dart
DA:11,1
DA:13,1
DA:14,1
DA:18,1
DA:20,1
DA:21,0
DA:22,1
DA:23,1
DA:24,1
DA:25,2
DA:26,0
DA:27,0
DA:28,0
DA:29,0
DA:30,0
DA:31,0
DA:32,0
DA:41,0
DA:42,0
DA:48,1
DA:50,1
DA:51,1
LF:22
LH:12
end_of_record
SF:lib\core\constants\app_images.dart
DA:3,0
LF:1
LH:0
end_of_record
SF:lib\core\cubits\products_cubit\products_cubit.dart
DA:9,0
DA:13,0
DA:14,0
DA:15,0
DA:16,0
DA:17,0
DA:18,0
DA:20,0
DA:24,0
DA:25,0
DA:26,0
DA:27,0
DA:28,0
DA:29,0
DA:30,0
LF:15
LH:0
end_of_record
SF:lib\core\cubits\products_cubit\products_state.dart
DA:4,0
DA:6,0
DA:7,0
DA:17,0
DA:23,0
LF:5
LH:0
end_of_record
SF:lib\core\entities\product_entity.g.dart
DA:13,0
DA:15,0
DA:16,0
DA:17,0
DA:19,0
DA:20,0
DA:21,0
DA:22,0
DA:23,0
DA:24,0
DA:25,0
DA:26,0
DA:27,0
DA:28,0
DA:29,0
DA:30,0
DA:34,0
DA:37,0
DA:38,0
DA:39,0
DA:40,0
DA:41,0
DA:42,0
DA:43,0
DA:44,0
DA:45,0
DA:46,0
DA:47,0
DA:48,0
DA:49,0
DA:50,0
DA:51,0
DA:52,0
DA:53,0
DA:54,0
DA:55,0
DA:56,0
DA:57,0
DA:58,0
DA:59,0
DA:60,0
DA:61,0
DA:62,0
DA:63,0
DA:66,0
DA:67,0
DA:69,0
DA:72,0
DA:73,0
DA:74,0
LF:50
LH:0
end_of_record
SF:lib\core\entities\product_entity.dart
DA:48,0
DA:61,0
DA:62,0
LF:3
LH:0
end_of_record
SF:lib\core\di\get_it.dart
DA:15,0
DA:17,0
DA:19,0
DA:20,0
DA:21,0
DA:24,0
DA:25,0
DA:26,0
DA:27,0
DA:32,0
DA:33,0
DA:34,0
DA:39,0
DA:40,0
DA:41,0
DA:46,0
LF:16
LH:0
end_of_record
SF:lib\core\networking\firebase_auth_service.dart
DA:17,0
DA:21,0
DA:22,0
DA:23,0
DA:25,0
DA:26,0
DA:28,0
DA:29,0
DA:31,0
DA:33,0
DA:34,0
DA:36,0
DA:38,0
DA:39,0
DA:44,0
DA:47,0
DA:51,0
DA:52,0
DA:53,0
DA:57,0
DA:60,0
DA:64,0
DA:65,0
DA:66,0
DA:70,0
DA:73,0
DA:75,0
DA:76,0
DA:80,0
DA:83,0
DA:85,0
DA:86,0
DA:92,0
DA:95,0
DA:97,0
DA:99,0
DA:101,0
DA:102,0
DA:103,0
DA:107,0
DA:108,0
DA:110,0
DA:111,0
DA:115,0
DA:117,0
DA:118,0
DA:121,0
DA:123,0
DA:124,0
DA:129,0
DA:130,0
DA:131,0
DA:133,0
DA:134,0
DA:139,0
DA:140,0
DA:142,0
DA:143,0
DA:148,0
DA:151,0
DA:152,0
DA:153,0
DA:156,0
DA:157,0
DA:158,0
DA:159,0
DA:162,0
DA:163,0
DA:164,0
DA:165,0
DA:166,0
DA:167,0
DA:168,0
DA:169,0
DA:170,0
DA:171,0
DA:172,0
DA:173,0
DA:174,0
DA:175,0
DA:178,0
DA:183,0
DA:185,0
LF:83
LH:0
end_of_record
SF:lib\core\networking\firestore_service.dart
DA:8,0
DA:10,0
DA:12,0
DA:18,0
DA:19,0
DA:22,0
DA:24,0
DA:28,0
DA:35,0
DA:39,0
DA:42,0
DA:50,0
DA:54,0
DA:55,0
DA:59,0
DA:66,0
DA:67,0
DA:68,0
DA:69,0
DA:73,0
DA:74,0
DA:78,0
DA:79,0
DA:82,0
DA:89,0
DA:90,0
LF:26
LH:0
end_of_record
SF:lib\core\repos\products_repo_impl.dart
DA:12,0
DA:13,0
DA:16,0
DA:18,0
DA:24,0
DA:25,0
DA:27,0
DA:31,0
DA:34,0
DA:37,0
DA:38,0
DA:40,0
DA:44,0
DA:50,0
DA:51,0
DA:55,0
DA:56,0
DA:57,0
LF:18
LH:0
end_of_record
SF:lib\features\auth\data\repos\auth_repo_impl.dart
DA:25,0
DA:29,0
DA:35,0
DA:39,0
DA:42,0
DA:45,0
DA:46,0
DA:48,0
DA:50,0
DA:53,0
DA:55,0
DA:56,0
DA:57,0
DA:66,0
DA:70,0
DA:73,0
DA:74,0
DA:77,0
DA:80,0
DA:83,0
DA:84,0
DA:85,0
DA:87,0
DA:88,0
DA:89,0
DA:98,0
DA:103,0
DA:106,0
DA:107,0
DA:111,0
DA:112,0
DA:116,0
DA:117,0
DA:120,0
DA:121,0
DA:122,0
DA:124,0
DA:125,0
DA:126,0
DA:128,0
DA:129,0
DA:130,0
DA:174,0
DA:178,0
DA:181,0
DA:182,0
DA:186,0
DA:189,0
DA:191,0
DA:192,0
DA:194,0
DA:196,0
DA:199,0
DA:201,0
DA:202,0
DA:203,0
DA:212,0
DA:215,0
DA:219,0
DA:221,0
DA:223,0
DA:224,0
DA:229,0
DA:231,0
DA:233,0
DA:237,0
DA:239,0
DA:240,0
LF:68
LH:0
end_of_record
SF:lib\features\checkout\data\repos\orders_repo_impl.dart
DA:12,0
DA:13,0
DA:16,0
DA:17,0
DA:19,0
DA:20,0
DA:23,0
LF:7
LH:0
end_of_record
SF:lib\features\home\presentation\manager\cart_cubit\cart_state.dart
DA:4,0
DA:12,0
LF:2
LH:0
end_of_record
SF:lib\features\home\presentation\manager\cart_cubit\cart_cubit.dart
DA:15,0
DA:16,0
DA:19,0
DA:20,0
DA:21,0
DA:22,0
DA:25,0
DA:26,0
DA:27,0
DA:28,0
DA:29,0
DA:31,0
DA:32,0
DA:34,0
DA:37,0
DA:38,0
DA:39,0
DA:40,0
LF:18
LH:0
end_of_record
SF:lib\core\entities\review_entity.dart
DA:23,0
DA:30,0
DA:31,0
LF:3
LH:0
end_of_record
SF:lib\core\entities\review_entity.g.dart
DA:13,0
DA:15,0
DA:16,0
DA:17,0
DA:19,0
DA:20,0
DA:21,0
DA:22,0
DA:23,0
DA:24,0
DA:28,0
DA:31,0
DA:32,0
DA:33,0
DA:34,0
DA:35,0
DA:36,0
DA:37,0
DA:38,0
DA:39,0
DA:40,0
DA:41,0
DA:44,0
DA:45,0
DA:47,0
DA:50,0
DA:51,0
DA:52,0
LF:28
LH:0
end_of_record
SF:lib\core\errors\exceptions.dart
DA:3,0
LF:1
LH:0
end_of_record
SF:lib\core\errors\failure.dart
DA:4,0
DA:8,0
LF:2
LH:0
end_of_record
SF:lib\core\helpers\build_snack_bar
DA:3,0
DA:4,0
DA:5,0
DA:6,0
DA:9,0
LF:5
LH:0
end_of_record
SF:lib\core\helpers\cache_helper.dart
DA:7,0
DA:8,0
DA:9,1
DA:10,1
DA:17,0
DA:18,0
DA:19,0
DA:20,0
DA:21,0
DA:22,0
DA:23,0
DA:24,0
DA:25,0
DA:26,0
DA:27,0
DA:29,0
DA:34,0
DA:35,0
DA:38,0
DA:39,0
DA:42,0
DA:43,0
DA:47,0
DA:48,0
DA:52,0
DA:53,0
DA:57,0
DA:58,0
DA:62,0
DA:63,0
DA:67,0
DA:69,0
DA:73,0
DA:74,0
DA:78,0
DA:79,0
DA:83,0
DA:84,0
LF:38
LH:2
end_of_record
SF:lib\core\helpers\get_avg_rating_func.dart
DA:3,0
DA:5,0
DA:6,0
DA:8,0
LF:4
LH:0
end_of_record
SF:lib\core\models\review_model.dart
DA:11,0
DA:18,0
DA:19,0
DA:20,0
DA:21,0
DA:22,0
DA:23,0
DA:24,0
DA:27,0
DA:28,0
DA:29,0
DA:30,0
DA:31,0
DA:32,0
DA:33,0
DA:36,0
DA:37,0
DA:38,0
DA:39,0
DA:40,0
DA:41,0
DA:42,0
DA:45,0
DA:46,0
DA:47,0
DA:48,0
DA:49,0
DA:50,0
DA:51,0
DA:55,0
DA:56,0
LF:31
LH:0
end_of_record
SF:lib\core\helpers\get_currency.dart
DA:1,0
LF:1
LH:0
end_of_record
SF:lib\core\helpers\get_dummy_products.dart
DA:4,0
DA:5,0
DA:10,0
DA:11,0
DA:26,0
DA:27,0
LF:6
LH:0
end_of_record
SF:lib\core\helpers\get_user_data_func.dart
DA:8,0
DA:9,0
DA:10,0
LF:3
LH:0
end_of_record
SF:lib\features\auth\data\models\user_model.dart
DA:7,0
DA:9,0
DA:10,0
DA:11,0
DA:13,0
DA:14,0
DA:15,0
DA:16,0
DA:17,0
DA:18,0
DA:21,0
DA:22,0
DA:23,0
DA:24,0
DA:25,0
DA:26,0
DA:29,0
DA:30,0
LF:18
LH:0
end_of_record
SF:lib\features\auth\domain\entities\user_entity.dart
DA:9,0
DA:12,0
DA:13,0
LF:3
LH:0
end_of_record
SF:lib\core\models\page_view_item_model.dart
DA:7,0
LF:1
LH:0
end_of_record
SF:lib\core\models\product_model.dart
DA:23,0
DA:38,0
DA:39,0
DA:40,0
DA:41,0
DA:42,0
DA:43,0
DA:44,0
DA:45,0
DA:46,0
DA:47,0
DA:48,0
DA:49,0
DA:50,0
DA:51,0
DA:52,0
DA:53,0
DA:54,0
DA:55,0
DA:56,0
DA:57,0
DA:58,0
DA:62,0
DA:63,0
DA:64,0
DA:65,0
DA:66,0
DA:67,0
DA:68,0
DA:69,0
DA:70,0
DA:71,0
DA:72,0
DA:73,0
DA:74,0
DA:77,0
DA:78,0
DA:79,0
DA:80,0
DA:81,0
DA:82,0
DA:83,0
DA:84,0
DA:85,0
DA:86,0
DA:87,0
DA:88,0
DA:89,0
DA:93,0
DA:94,0
LF:50
LH:0
end_of_record
SF:lib\core\networking\auth_result.dart
DA:7,0
LF:1
LH:0
end_of_record
SF:lib\core\networking\payment_service.dart
DA:7,0
DA:10,0
DA:11,0
DA:12,0
DA:14,0
DA:19,0
DA:20,0
DA:21,0
DA:28,0
DA:29,0
DA:30,0
DA:34,0
DA:36,0
DA:38,0
DA:45,0
LF:15
LH:0
end_of_record
SF:lib\core\routing\app_router.dart
DA:19,3
DA:20,3
DA:21,1
DA:22,0
DA:23,0
DA:25,0
DA:27,0
DA:38,1
DA:39,1
DA:42,0
DA:44,1
DA:47,0
DA:49,1
DA:52,0
DA:54,1
DA:57,0
DA:59,1
DA:62,0
DA:64,1
DA:67,0
DA:69,1
DA:72,0
DA:73,0
DA:75,1
DA:78,0
DA:80,1
DA:83,0
DA:85,1
DA:88,0
LF:29
LH:14
end_of_record
SF:lib\features\auth\presentation\views\reset_password_view.dart
DA:7,1
DA:9,0
DA:11,0
DA:12,0
LF:4
LH:1
end_of_record
SF:lib\features\auth\presentation\views\sign_in_view.dart
DA:11,1
DA:15,0
DA:17,0
DA:18,0
DA:19,0
DA:20,0
DA:21,0
LF:7
LH:1
end_of_record
SF:lib\features\auth\presentation\views\sing_up_view.dart
DA:11,1
DA:13,0
DA:15,0
DA:16,0
DA:17,0
DA:18,0
DA:19,0
LF:7
LH:1
end_of_record
SF:lib\features\best_selling_product\presentation\views\best_selling_product_view.dart
DA:7,1
DA:10,0
DA:12,0
DA:13,0
LF:4
LH:1
end_of_record
SF:lib\features\checkout\presentation\views\check_out_view.dart
DA:14,0
DA:18,0
DA:19,0
DA:24,0
DA:26,0
DA:27,0
DA:28,0
DA:29,0
DA:30,0
DA:33,0
DA:35,0
DA:36,0
DA:37,0
DA:38,0
DA:39,0
LF:15
LH:0
end_of_record
SF:lib\features\home\domain\entities\cart_entity.dart
DA:8,0
DA:10,0
DA:11,0
DA:12,0
DA:14,0
DA:16,0
DA:17,0
DA:22,0
DA:23,0
DA:24,0
DA:31,0
DA:32,0
DA:33,0
DA:37,0
DA:40,0
DA:41,0
LF:16
LH:0
end_of_record
SF:lib\features\home\presentation\view\main_view.dart
DA:6,1
DA:9,0
DA:10,0
DA:15,0
DA:17,0
DA:18,0
DA:19,0
DA:20,0
DA:22,0
DA:25,0
DA:26,0
DA:27,0
LF:12
LH:1
end_of_record
SF:lib\features\home\presentation\view\products_view.dart
DA:9,2
DA:12,0
DA:14,0
DA:15,0
LF:4
LH:1
end_of_record
SF:lib\features\home\presentation\view\profile_view.dart
DA:9,2
DA:11,0
DA:13,0
DA:14,0
DA:15,0
DA:16,0
DA:19,0
DA:20,0
LF:8
LH:1
end_of_record
SF:lib\features\home\presentation\view\search_view.dart
DA:11,1
DA:13,0
DA:15,0
DA:16,0
DA:17,0
DA:18,0
LF:6
LH:1
end_of_record
SF:lib\features\on_boarding\presentation\views\on_boarding_view.dart
DA:5,1
DA:7,0
LF:2
LH:1
end_of_record
SF:lib\core\theming\theme_data.dart
DA:7,0
DA:41,0
DA:42,0
DA:99,0
DA:133,0
DA:134,0
LF:6
LH:0
end_of_record
SF:lib\core\widgets\custom_app_bar.dart
DA:7,0
DA:11,0
DA:13,0
DA:14,0
DA:22,0
DA:24,0
DA:25,0
DA:26,0
DA:28,0
DA:39,0
LF:10
LH:0
end_of_record
SF:lib\core\widgets\notification_widget.dart
DA:6,2
DA:10,0
DA:12,0
DA:14,0
DA:15,0
DA:18,0
LF:6
LH:1
end_of_record
SF:lib\features\home\presentation\manager\provider\settings_provider.dart
DA:15,0
DA:16,0
DA:19,0
DA:20,0
DA:22,0
DA:23,0
DA:24,0
DA:28,0
DA:29,0
DA:30,0
DA:31,0
DA:32,0
DA:36,0
DA:37,0
DA:38,0
DA:39,0
DA:43,0
DA:44,0
DA:45,0
DA:46,0
DA:50,0
DA:51,0
DA:52,0
LF:23
LH:0
end_of_record
SF:lib\core\widgets\custom_button.dart
DA:5,0
DA:8,0
DA:10,0
DA:13,0
DA:14,0
DA:15,0
DA:16,0
DA:17,0
DA:19,0
DA:20,0
DA:21,0
DA:23,0
LF:12
LH:0
end_of_record
SF:lib\core\widgets\custom_error_bar.dart
DA:4,0
DA:11,0
DA:13,0
DA:14,0
DA:15,0
LF:5
LH:0
end_of_record
SF:lib\core\widgets\custom_network_image.dart
DA:5,0
DA:14,0
DA:16,0
DA:17,0
DA:18,0
DA:19,0
DA:28,0
LF:7
LH:0
end_of_record
SF:lib\core\widgets\custom_progress_hud.dart
DA:5,0
DA:10,0
DA:12,0
LF:3
LH:0
end_of_record
SF:lib\core\widgets\custom_text_form_field.dart
DA:5,0
DA:18,0
DA:20,0
DA:21,0
DA:22,0
DA:23,0
DA:24,0
DA:25,0
DA:26,0
DA:27,0
DA:28,0
DA:29,0
DA:30,0
DA:31,0
DA:32,0
DA:37,0
DA:38,0
DA:40,0
DA:41,0
LF:19
LH:0
end_of_record
SF:lib\core\widgets\product_item.dart
DA:10,0
DA:13,0
DA:15,0
DA:16,0
DA:17,0
DA:18,0
DA:19,0
DA:21,0
DA:22,0
DA:23,0
DA:24,0
DA:27,0
DA:28,0
DA:29,0
DA:32,0
DA:33,0
DA:34,0
DA:36,0
DA:40,0
DA:42,0
DA:43,0
DA:44,0
DA:45,0
DA:46,0
DA:49,0
DA:50,0
DA:52,0
DA:53,0
DA:57,0
DA:62,0
DA:63,0
DA:64,0
DA:66,0
DA:68,0
DA:69,0
DA:70,0
DA:71,0
DA:76,0
DA:77,0
DA:78,0
DA:79,0
DA:80,0
DA:82,0
DA:84,0
DA:86,0
DA:87,0
DA:90,0
DA:93,0
DA:95,0
DA:98,0
DA:103,0
DA:104,0
DA:105,0
DA:106,0
DA:107,0
DA:109,0
LF:56
LH:0
end_of_record
SF:lib\features\auth\presentation\cubits\sign_in_cubit\sign_in_state.dart
DA:4,0
DA:6,0
DA:7,0
DA:14,0
DA:22,0
DA:27,0
LF:6
LH:0
end_of_record
SF:lib\features\auth\presentation\cubits\sign_in_cubit\sign_in_cubit.dart
DA:9,0
DA:12,0
DA:13,0
DA:14,0
DA:15,0
DA:16,0
DA:17,0
DA:21,0
DA:22,0
DA:23,0
DA:24,0
DA:25,0
DA:26,0
DA:30,0
DA:31,0
DA:32,0
DA:33,0
DA:34,0
DA:35,0
LF:19
LH:0
end_of_record
SF:lib\features\auth\presentation\cubits\sign_up_cubit\sign_up_cubit.dart
DA:7,0
DA:9,0
DA:14,0
DA:15,0
DA:16,0
DA:17,0
LF:6
LH:0
end_of_record
SF:lib\features\auth\presentation\cubits\sign_up_cubit\sign_up_state.dart
DA:11,0
DA:16,0
LF:2
LH:0
end_of_record
SF:lib\features\auth\presentation\views\widget\reset_password_view_body.dart
DA:13,1
DA:15,0
DA:16,0
DA:19,0
DA:20,0
DA:21,0
DA:24,0
DA:26,0
DA:28,0
DA:29,0
DA:31,0
DA:32,0
DA:33,0
DA:34,0
DA:37,0
DA:38,0
DA:39,0
DA:42,0
DA:43,0
DA:44,0
DA:46,0
DA:47,0
DA:48,0
DA:49,0
DA:50,0
DA:52,0
DA:53,0
DA:54,0
LF:28
LH:1
end_of_record
SF:lib\generated\l10n.dart
DA:16,0
DA:20,0
DA:22,0
DA:30,0
DA:32,0
DA:33,0
DA:34,0
DA:35,0
DA:36,0
DA:37,0
DA:38,0
DA:45,0
DA:46,0
DA:48,0
DA:54,0
DA:55,0
DA:59,0
DA:60,0
DA:64,0
DA:69,0
DA:70,0
DA:74,0
DA:79,0
DA:80,0
DA:84,0
DA:89,0
DA:90,0
DA:94,0
DA:99,0
DA:100,0
DA:104,0
DA:105,0
DA:109,0
DA:110,0
DA:114,0
DA:115,0
DA:119,0
DA:124,0
DA:125,0
DA:129,0
DA:134,0
DA:135,0
DA:139,0
DA:140,0
DA:144,0
DA:145,0
DA:149,0
DA:150,0
DA:154,0
DA:159,0
DA:160,0
DA:164,0
DA:169,0
DA:170,0
DA:174,0
DA:175,0
DA:179,0
DA:184,0
DA:185,0
DA:189,0
DA:194,0
DA:195,0
DA:199,0
DA:204,0
DA:205,0
DA:209,0
DA:210,0
DA:214,0
DA:215,0
DA:219,0
DA:224,0
DA:225,0
DA:229,0
DA:234,0
DA:235,0
DA:239,0
DA:244,0
DA:245,0
DA:249,0
DA:254,0
DA:255,0
DA:259,0
DA:264,0
DA:265,0
DA:269,0
DA:274,0
DA:275,0
DA:279,0
DA:284,0
DA:285,0
DA:289,0
DA:294,0
DA:295,0
DA:299,0
DA:304,0
DA:305,0
DA:309,0
DA:310,0
DA:314,0
DA:315,0
DA:319,0
DA:320,0
DA:324,0
DA:325,0
DA:329,0
DA:330,0
DA:334,0
DA:335,0
DA:339,0
DA:340,0
DA:344,0
DA:349,0
DA:350,0
DA:354,0
DA:359,0
DA:360,0
DA:364,0
DA:365,0
DA:369,0
DA:370,0
DA:374,0
DA:379,0
DA:380,0
DA:384,0
DA:389,0
DA:390,0
DA:394,0
DA:395,0
DA:399,0
DA:400,0
DA:404,0
DA:405,0
DA:409,0
DA:410,0
DA:414,0
DA:415,0
DA:419,0
DA:420,0
DA:424,0
DA:425,0
DA:429,0
DA:434,0
DA:435,0
DA:439,0
DA:444,0
DA:445,0
DA:449,0
DA:450,0
DA:454,0
DA:455,0
DA:459,0
DA:464,0
DA:465,0
DA:469,0
DA:470,0
DA:474,0
DA:479,0
DA:480,0
DA:484,0
DA:489,0
DA:490,0
DA:494,0
DA:495,0
DA:499,0
DA:504,0
DA:505,0
DA:509,0
DA:514,0
DA:515,0
DA:519,0
DA:524,0
DA:525,0
DA:529,0
DA:534,0
DA:535,0
DA:539,0
DA:544,0
DA:545,0
DA:549,0
DA:554,0
DA:555,0
DA:559,0
DA:564,0
DA:565,0
DA:569,0
DA:570,0
DA:574,0
DA:575,0
DA:579,0
DA:580,0
DA:584,0
DA:585,0
DA:589,0
DA:590,0
DA:594,0
DA:595,0
DA:599,0
DA:600,0
DA:604,0
DA:605,0
DA:609,0
DA:610,0
DA:614,0
DA:615,0
DA:619,0
DA:624,0
DA:625,0
DA:629,0
DA:630,0
DA:634,0
DA:635,0
DA:639,0
DA:640,0
DA:644,0
DA:645,0
DA:649,0
DA:650,0
DA:654,0
DA:655,0
DA:659,0
DA:664,0
DA:665,0
DA:669,0
DA:675,1
DA:677,0
DA:684,0
DA:685,0
DA:686,0
DA:687,0
DA:688,0
DA:691,0
DA:692,0
DA:693,0
LF:233
LH:1
end_of_record
SF:lib\features\auth\presentation\views\widget\sign_in_body_bloc_consumer.dart
DA:14,0
DA:15,0
DA:16,0
DA:17,0
DA:18,0
DA:20,0
DA:21,0
DA:23,0
DA:24,0
DA:26,0
DA:29,0
DA:32,0
DA:33,0
DA:34,0
DA:35,0
DA:37,0
DA:39,0
DA:40,0
DA:42,0
DA:43,0
DA:58,0
DA:59,0
LF:22
LH:0
end_of_record
SF:lib\features\auth\presentation\views\widget\sign_up_body_bloc_consumer.dart
DA:11,0
DA:12,0
DA:13,0
DA:14,0
DA:15,0
DA:16,0
DA:18,0
DA:19,0
DA:22,0
DA:23,0
LF:10
LH:0
end_of_record
SF:lib\features\auth\presentation\views\widget\custom_check_box.dart
DA:6,0
DA:11,0
DA:13,0
DA:14,0
DA:15,0
DA:16,0
DA:18,0
DA:21,0
DA:22,0
DA:23,0
DA:24,0
DA:26,0
DA:28,0
DA:32,0
DA:33,0
DA:35,0
LF:16
LH:0
end_of_record
SF:lib\features\auth\presentation\views\widget\dont_have_account_widget.dart
DA:8,1
DA:12,0
DA:14,0
DA:15,0
DA:17,0
DA:18,0
DA:19,0
DA:20,0
DA:21,0
DA:25,0
DA:26,0
DA:27,0
DA:29,0
DA:30,0
DA:32,0
DA:33,0
DA:34,0
DA:35,0
LF:18
LH:1
end_of_record
SF:lib\features\auth\presentation\views\widget\i_have_account_widget.dart
DA:6,1
DA:8,0
DA:10,0
DA:11,0
DA:13,0
DA:14,0
DA:15,0
DA:16,0
DA:17,0
DA:21,0
DA:22,0
DA:23,0
DA:25,0
DA:26,0
DA:28,0
DA:29,0
DA:30,0
DA:31,0
LF:18
LH:1
end_of_record
SF:lib\features\auth\presentation\views\widget\or_divider.dart
DA:6,1
DA:8,0
DA:10,0
DA:11,0
DA:16,0
DA:17,0
LF:6
LH:1
end_of_record
SF:lib\features\auth\presentation\views\widget\password_field.dart
DA:6,0
DA:8,0
DA:9,0
DA:15,0
DA:17,0
DA:18,0
DA:19,0
DA:21,0
DA:22,0
DA:23,0
DA:24,0
DA:27,0
DA:35,0
LF:13
LH:0
end_of_record
SF:lib\features\auth\presentation\views\widget\sign_in_view_body.dart
DA:21,1
DA:23,0
DA:24,0
DA:27,0
DA:32,0
DA:34,0
DA:35,0
DA:37,0
DA:38,0
DA:39,0
DA:40,0
DA:42,0
DA:46,0
DA:47,0
DA:49,0
DA:50,0
DA:56,0
DA:57,0
DA:62,0
DA:63,0
DA:64,0
DA:66,0
DA:67,0
DA:68,0
DA:69,0
DA:76,0
DA:77,0
DA:78,0
DA:79,0
DA:80,0
DA:82,0
DA:84,0
DA:85,0
DA:87,0
DA:88,0
DA:104,0
DA:105,0
DA:106,0
DA:108,0
DA:114,0
DA:115,0
DA:116,0
DA:117,0
DA:118,0
DA:126,0
DA:127,0
DA:128,0
DA:130,0
LF:48
LH:1
end_of_record
SF:lib\features\auth\presentation\views\widget\social_login_button.dart
DA:6,0
DA:15,0
DA:17,0
DA:18,0
DA:21,0
DA:22,0
DA:23,0
DA:24,0
DA:25,0
DA:26,0
DA:30,0
DA:31,0
DA:35,0
DA:36,0
DA:39,0
DA:41,0
DA:42,0
DA:44,0
LF:18
LH:0
end_of_record
SF:lib\features\auth\presentation\views\widget\sign_up_body.dart
DA:15,1
DA:17,0
DA:18,0
DA:27,0
DA:29,0
DA:31,0
DA:32,0
DA:33,0
DA:34,0
DA:36,0
DA:40,0
DA:41,0
DA:43,0
DA:44,0
DA:50,0
DA:51,0
DA:53,0
DA:54,0
DA:60,0
DA:61,0
DA:66,0
DA:67,0
DA:72,0
DA:73,0
DA:74,0
DA:75,0
DA:76,0
DA:77,0
DA:78,0
DA:79,0
DA:83,0
DA:84,0
DA:85,0
DA:86,0
DA:89,0
DA:90,0
LF:36
LH:1
end_of_record
SF:lib\features\auth\presentation\views\widget\term_and_condition_widget.dart
DA:7,0
DA:10,0
DA:12,0
DA:18,0
DA:20,0
DA:21,0
DA:22,0
DA:23,0
DA:25,0
DA:26,0
DA:28,0
DA:29,0
DA:37,0
DA:38,0
DA:39,0
DA:40,0
DA:41,0
DA:42,0
DA:43,0
DA:44,0
DA:47,0
DA:48,0
DA:49,0
DA:50,0
LF:24
LH:0
end_of_record
SF:lib\features\best_selling_product\presentation\views\widget\best_selling_product_view_body.dart
DA:4,1
DA:6,0
LF:2
LH:1
end_of_record
SF:lib\features\checkout\data\models\order_product_model.dart
DA:9,0
DA:16,0
DA:17,0
DA:18,0
DA:19,0
DA:20,0
DA:21,0
DA:22,0
DA:25,0
DA:26,0
DA:27,0
DA:28,0
DA:29,0
DA:30,0
LF:14
LH:0
end_of_record
SF:lib\features\home\domain\entities\cart_item_entity.dart
DA:15,0
DA:17,0
DA:18,0
DA:20,0
DA:21,0
DA:23,0
DA:24,0
LF:7
LH:0
end_of_record
SF:lib\features\home\domain\entities\cart_item_entity.g.dart
DA:13,0
DA:15,0
DA:16,0
DA:17,0
DA:19,0
DA:20,0
DA:21,0
DA:25,0
DA:28,0
DA:29,0
DA:30,0
DA:31,0
DA:32,0
DA:35,0
DA:36,0
DA:38,0
DA:41,0
DA:42,0
DA:43,0
LF:19
LH:0
end_of_record
SF:lib\features\checkout\data\models\orders_model.dart
DA:14,0
DA:22,0
DA:23,0
DA:25,0
DA:26,0
DA:27,0
DA:28,0
DA:29,0
DA:30,0
DA:31,0
DA:33,0
DA:35,0
DA:36,0
DA:37,0
DA:38,0
DA:39,0
DA:40,0
DA:41,0
LF:18
LH:0
end_of_record
SF:lib\features\checkout\data\models\shipping_address_model.dart
DA:10,0
DA:17,0
DA:18,0
DA:19,0
DA:20,0
DA:21,0
DA:22,0
DA:23,0
DA:24,0
DA:25,0
DA:26,0
DA:27,0
DA:28,0
DA:29,0
LF:14
LH:0
end_of_record
SF:lib\features\checkout\domain\entities\order_entity.dart
DA:10,0
DA:15,0
DA:16,0
DA:23,0
DA:27,0
DA:28,0
DA:29,0
DA:30,0
LF:8
LH:0
end_of_record
SF:lib\features\checkout\domain\entities\shipping_address_entity.dart
DA:8,0
DA:11,0
DA:12,0
LF:3
LH:0
end_of_record
SF:lib\features\checkout\presentation\cubits\orders_cubit\orders_cubit.dart
DA:10,0
DA:11,0
DA:12,0
DA:13,0
DA:14,0
DA:15,0
LF:6
LH:0
end_of_record
SF:lib\features\checkout\presentation\cubits\orders_cubit\orders_state.dart
DA:4,0
DA:6,0
DA:7,0
DA:18,0
LF:4
LH:0
end_of_record
SF:lib\features\checkout\presentation\views\widgets\check_out_view_body.dart
DA:17,1
DA:19,0
DA:20,0
DA:28,0
DA:30,0
DA:31,0
DA:32,0
DA:33,0
DA:34,0
DA:39,0
DA:41,0
DA:42,0
DA:43,0
DA:47,0
DA:49,0
DA:50,0
DA:52,0
DA:53,0
DA:54,0
DA:55,0
DA:57,0
DA:58,0
DA:59,0
DA:60,0
DA:63,0
DA:64,0
DA:65,0
DA:66,0
DA:70,0
DA:73,0
DA:74,0
DA:75,0
DA:76,0
DA:79,0
DA:80,0
DA:82,0
DA:83,0
DA:84,0
DA:85,0
DA:86,0
DA:89,0
DA:90,0
DA:91,0
DA:92,0
DA:93,0
DA:96,0
DA:97,0
DA:98,0
DA:99,0
DA:103,0
DA:106,0
DA:107,0
DA:108,0
DA:109,0
DA:120,0
DA:122,0
DA:123,0
DA:124,0
DA:125,0
DA:126,0
DA:127,0
DA:130,0
LF:62
LH:1
end_of_record
SF:lib\features\checkout\presentation\views\widgets\orders_cubit_bloc_builder.dart
DA:11,1
DA:13,0
DA:15,0
DA:16,0
DA:17,0
DA:18,0
DA:19,0
DA:20,0
DA:22,0
DA:23,0
DA:24,0
LF:11
LH:1
end_of_record
SF:lib\features\checkout\presentation\views\widgets\active_step_item.dart
DA:5,0
DA:8,0
DA:10,0
DA:11,0
DA:13,0
DA:14,0
DA:16,0
DA:17,0
DA:20,0
DA:26,0
DA:27,0
DA:28,0
LF:12
LH:0
end_of_record
SF:lib\features\checkout\presentation\views\widgets\address_input_section.dart
DA:9,0
DA:13,0
DA:16,0
DA:17,0
DA:18,0
DA:19,0
DA:20,0
DA:22,0
DA:23,0
DA:24,0
DA:28,0
DA:29,0
DA:30,0
DA:32,0
DA:37,0
DA:38,0
DA:39,0
DA:41,0
DA:46,0
DA:47,0
DA:48,0
DA:50,0
DA:55,0
DA:56,0
DA:57,0
DA:59,0
DA:64,0
DA:65,0
DA:66,0
DA:68,0
LF:30
LH:0
end_of_record
SF:lib\features\checkout\presentation\views\widgets\check_out_steps.dart
DA:6,0
DA:14,0
DA:16,0
DA:17,0
DA:18,0
DA:19,0
DA:20,0
DA:21,0
DA:22,0
DA:23,0
DA:24,0
DA:25,0
DA:34,0
DA:35,0
DA:36,0
DA:37,0
LF:16
LH:0
end_of_record
SF:lib\features\checkout\presentation\views\widgets\step_item.dart
DA:6,0
DA:15,0
DA:17,0
DA:18,0
DA:19,0
DA:21,0
LF:6
LH:0
end_of_record
SF:lib\features\checkout\presentation\views\widgets\checkout_page_view.dart
DA:7,0
DA:15,0
DA:17,0
DA:18,0
DA:20,0
DA:21,0
DA:22,0
DA:27,0
DA:28,0
DA:30,0
DA:31,0
DA:32,0
DA:34,0
DA:35,0
LF:14
LH:0
end_of_record
SF:lib\features\checkout\presentation\views\widgets\shipping_section.dart
DA:8,1
DA:10,0
DA:11,0
DA:17,0
DA:19,0
DA:20,0
DA:21,0
DA:22,0
DA:24,0
DA:25,0
DA:26,0
DA:27,0
DA:28,0
DA:31,0
DA:32,0
DA:34,0
DA:36,0
DA:37,0
DA:39,0
DA:40,0
DA:41,0
DA:42,0
DA:43,0
DA:46,0
DA:47,0
DA:49,0
DA:50,0
DA:51,0
DA:52,0
DA:53,0
DA:59,0
LF:31
LH:1
end_of_record
SF:lib\features\checkout\presentation\views\widgets\payment_section.dart
DA:8,0
DA:10,0
DA:12,0
DA:13,0
DA:15,0
DA:16,0
DA:18,0
DA:20,0
DA:21,0
DA:22,0
DA:27,0
DA:28,0
DA:29,0
DA:35,0
DA:40,0
DA:41,0
DA:42,0
DA:48,0
DA:49,0
LF:19
LH:0
end_of_record
SF:lib\features\checkout\presentation\views\widgets\inactive_step_item.dart
DA:5,0
DA:9,0
DA:11,0
DA:12,0
DA:14,0
DA:15,0
DA:17,0
DA:18,0
DA:19,0
DA:20,0
DA:25,0
DA:26,0
DA:27,0
LF:13
LH:0
end_of_record
SF:lib\features\checkout\presentation\views\widgets\order_summary_widget.dart
DA:8,0
DA:15,0
DA:17,0
DA:18,0
DA:19,0
DA:20,0
DA:22,0
DA:25,0
DA:26,0
DA:27,0
DA:33,0
DA:34,0
DA:35,0
DA:37,0
DA:40,0
DA:42,0
DA:43,0
DA:45,0
DA:54,0
DA:55,0
DA:56,0
DA:58,0
DA:61,0
DA:62,0
DA:63,0
LF:25
LH:0
end_of_record
SF:lib\features\home\presentation\view\widgets\custom_divider.dart
DA:4,5
DA:8,0
DA:10,0
DA:11,0
LF:4
LH:1
end_of_record
SF:lib\features\checkout\presentation\views\widgets\shipping_address_widget.dart
DA:10,0
DA:16,0
DA:18,0
DA:21,0
DA:22,0
DA:24,0
DA:25,0
DA:26,0
DA:30,0
DA:31,0
DA:32,0
DA:36,0
DA:37,0
DA:38,0
DA:39,0
DA:45,0
DA:46,0
DA:47,0
DA:48,0
DA:60,0
DA:61,0
DA:62,0
DA:69,0
DA:70,0
DA:72,0
DA:73,0
LF:26
LH:0
end_of_record
SF:lib\features\checkout\presentation\views\widgets\shipping_item.dart
DA:5,0
DA:15,0
DA:17,0
DA:18,0
DA:19,0
DA:20,0
DA:21,0
DA:23,0
DA:24,0
DA:30,0
DA:33,0
DA:34,0
DA:38,0
DA:40,0
DA:41,0
DA:42,0
DA:44,0
DA:47,0
DA:48,0
DA:50,0
DA:55,0
DA:56,0
DA:57,0
DA:58,0
DA:68,1
DA:72,0
DA:74,0
DA:87,1
DA:91,0
DA:93,0
DA:94,0
DA:97,0
DA:98,0
DA:99,0
DA:100,0
LF:35
LH:2
end_of_record
SF:lib\features\home\data\datasources\cart_item_hive_datasource.dart
DA:11,0
DA:13,0
DA:15,0
DA:16,0
DA:20,0
DA:21,0
DA:22,0
DA:27,0
DA:28,0
DA:29,0
DA:32,0
DA:33,0
DA:34,0
DA:37,0
DA:38,0
DA:39,0
DA:42,0
DA:43,0
DA:44,0
DA:47,0
DA:48,0
DA:49,0
LF:22
LH:0
end_of_record
SF:lib\features\home\domain\entities\navigation_bar_entity.dart
DA:10,0
DA:16,0
DA:17,0
DA:18,0
DA:19,0
DA:23,0
DA:24,0
DA:28,0
DA:29,0
DA:33,0
DA:34,0
DA:41,0
DA:42,0
LF:13
LH:0
end_of_record
SF:lib\features\home\presentation\manager\cart_item_cubit\cart_item_cubit.dart
DA:9,0
DA:11,0
DA:12,0
DA:13,0
DA:14,0
DA:16,0
DA:20,0
DA:21,0
DA:22,0
DA:25,0
DA:26,0
DA:27,0
DA:30,0
DA:31,0
DA:32,0
DA:35,0
DA:36,0
DA:37,0
LF:18
LH:0
end_of_record
SF:lib\features\home\presentation\manager\cart_item_cubit\cart_item_state.dart
DA:4,0
DA:12,0
LF:2
LH:0
end_of_record
SF:lib\features\home\presentation\manager\search_cubit\search_cubit.dart
DA:9,0
DA:13,0
DA:14,0
DA:15,0
DA:16,0
DA:17,0
DA:18,0
DA:19,0
DA:23,0
DA:24,0
DA:25,0
DA:26,0
DA:27,0
LF:13
LH:0
end_of_record
SF:lib\features\home\presentation\manager\search_cubit\search_state.dart
DA:4,0
DA:6,0
DA:7,0
DA:15,0
DA:19,0
LF:5
LH:0
end_of_record
SF:lib\features\home\presentation\view\cart_view.dart
DA:7,1
DA:9,0
DA:11,0
DA:12,0
LF:4
LH:1
end_of_record
SF:lib\features\home\presentation\view\widgets\cart_view_body.dart
DA:13,1
DA:15,0
DA:17,0
DA:18,0
DA:19,0
DA:20,0
DA:21,0
DA:22,0
DA:23,0
DA:24,0
DA:25,0
DA:29,0
DA:30,0
DA:43,0
DA:44,0
DA:48,0
DA:49,0
DA:50,0
DA:56,0
DA:58,0
DA:61,0
LF:21
LH:1
end_of_record
SF:lib\features\home\presentation\view\widgets\custom_button_navigation_bar.dart
DA:6,0
DA:8,0
DA:10,0
DA:15,0
DA:17,0
DA:18,0
DA:21,0
DA:22,0
DA:29,0
DA:30,0
DA:31,0
DA:38,0
DA:39,0
DA:40,0
DA:41,0
DA:42,0
DA:43,0
DA:44,0
DA:45,0
DA:46,0
DA:47,0
DA:48,0
DA:49,0
DA:50,0
DA:52,0
DA:54,0
DA:58,0
LF:27
LH:0
end_of_record
SF:lib\features\home\presentation\view\widgets\main_view_body_bloc_consumer.dart
DA:9,0
DA:11,0
DA:13,0
DA:14,0
DA:15,0
DA:16,0
DA:19,0
DA:20,0
DA:22,0
DA:23,0
DA:26,0
DA:27,0
LF:12
LH:0
end_of_record
SF:lib\features\home\presentation\view\widgets\product_view_body.dart
DA:16,1
DA:18,0
DA:19,0
DA:23,0
DA:25,0
DA:26,0
DA:27,0
DA:30,0
DA:32,0
DA:33,0
DA:34,0
DA:35,0
DA:36,0
DA:40,0
DA:41,0
DA:42,0
DA:43,0
DA:45,0
DA:46,0
DA:47,0
DA:51,0
DA:52,0
LF:22
LH:1
end_of_record
SF:lib\features\home\presentation\view\widgets\profile_view_body.dart
DA:12,1
DA:14,0
DA:16,0
DA:18,0
DA:20,0
DA:25,0
DA:26,0
LF:7
LH:1
end_of_record
SF:lib\features\home\presentation\view\widgets\search_view_body.dart
DA:10,1
DA:12,0
DA:13,0
DA:18,0
DA:20,0
DA:21,0
DA:25,0
DA:26,0
DA:27,0
DA:29,0
DA:31,0
DA:32,0
DA:33,0
DA:37,0
DA:38,0
DA:39,0
DA:40,0
LF:17
LH:1
end_of_record
SF:lib\features\home\presentation\view\widgets\active_item.dart
DA:8,0
DA:10,0
DA:12,0
DA:13,0
DA:14,0
DA:15,0
DA:16,0
DA:19,0
DA:20,0
DA:25,0
DA:27,0
DA:28,0
DA:31,0
DA:32,0
DA:33,0
DA:34,0
DA:36,0
DA:37,0
DA:38,0
DA:43,0
DA:44,0
DA:45,0
DA:46,0
LF:23
LH:0
end_of_record
SF:lib\features\home\presentation\view\widgets\best_seller_bar.dart
DA:8,1
DA:10,0
DA:12,0
DA:13,0
DA:14,0
DA:16,0
DA:18,0
DA:19,0
DA:20,0
DA:23,0
DA:24,0
DA:25,0
DA:26,0
LF:13
LH:1
end_of_record
SF:lib\features\home\presentation\view\widgets\cart_header.dart
DA:8,1
DA:12,0
DA:14,0
DA:15,0
DA:17,0
DA:18,0
DA:20,0
DA:22,0
DA:23,0
DA:25,0
DA:26,0
LF:11
LH:1
end_of_record
SF:lib\features\home\presentation\view\widgets\cart_item.dart
DA:13,0
DA:15,0
DA:17,0
DA:18,0
DA:19,0
DA:20,0
DA:21,0
DA:27,0
DA:28,0
DA:29,0
DA:30,0
DA:31,0
DA:32,0
DA:35,0
DA:36,0
DA:39,0
DA:40,0
DA:43,0
DA:44,0
DA:45,0
DA:46,0
DA:47,0
DA:51,0
DA:52,0
DA:53,0
DA:54,0
DA:55,0
DA:59,0
DA:60,0
DA:61,0
DA:62,0
DA:66,0
DA:67,0
DA:68,0
DA:70,0
DA:71,0
DA:72,0
DA:73,0
LF:38
LH:0
end_of_record
SF:lib\features\home\presentation\view\widgets\cart_item_actions_button.dart
DA:8,0
DA:11,0
DA:13,0
DA:14,0
DA:15,0
DA:16,0
DA:17,0
DA:18,0
DA:19,0
DA:21,0
DA:22,0
DA:24,0
DA:26,0
DA:28,0
DA:29,0
DA:30,0
DA:31,0
DA:33,0
DA:34,0
DA:42,0
DA:52,0
DA:54,0
DA:56,0
DA:57,0
DA:58,0
DA:59,0
DA:60,0
DA:61,0
LF:28
LH:0
end_of_record
SF:lib\features\home\presentation\view\widgets\cart_item_list.dart
DA:7,0
DA:9,0
DA:11,0
DA:12,0
DA:13,0
DA:14,0
DA:16,0
DA:17,0
DA:21,0
LF:9
LH:0
end_of_record
SF:lib\features\home\presentation\view\widgets\custom_cart_button.dart
DA:11,1
DA:15,0
DA:17,0
DA:18,0
DA:19,0
DA:21,0
DA:22,0
DA:23,0
DA:24,0
LF:9
LH:1
end_of_record
SF:lib\features\home\presentation\view\widgets\navigation_bar_item.dart
DA:7,0
DA:13,0
DA:15,0
DA:16,0
DA:17,0
DA:18,0
DA:20,0
DA:21,0
LF:8
LH:0
end_of_record
SF:lib\features\home\presentation\view\widgets\custom_home_search_bar.dart
DA:8,2
DA:10,0
DA:12,0
DA:14,0
DA:16,0
DA:17,0
DA:18,0
DA:25,0
DA:28,0
DA:30,0
DA:32,0
DA:34,0
DA:36,0
DA:37,0
DA:42,0
DA:44,0
LF:16
LH:1
end_of_record
SF:lib\features\home\presentation\view\widgets\exit_bar.dart
DA:12,1
DA:14,0
DA:16,0
DA:17,0
DA:21,0
DA:22,0
DA:23,0
DA:24,0
DA:25,0
DA:28,0
DA:29,0
DA:30,0
DA:31,0
DA:33,0
LF:14
LH:1
end_of_record
SF:lib\features\home\presentation\view\widgets\failed_search_widget.dart
DA:8,1
DA:10,0
DA:12,0
DA:16,0
DA:20,0
DA:21,0
DA:23,0
LF:7
LH:1
end_of_record
SF:lib\features\home\presentation\view\widgets\featured_item.dart
DA:11,1
DA:13,0
DA:15,0
DA:16,0
DA:17,0
DA:18,0
DA:19,0
DA:21,0
DA:22,0
DA:23,0
DA:24,0
DA:25,0
DA:32,0
DA:34,0
DA:40,0
DA:42,0
DA:43,0
DA:44,0
DA:48,0
DA:52,0
DA:53,0
DA:54,0
DA:55,0
DA:59,0
DA:60,0
DA:61,0
DA:62,0
DA:67,0
DA:69,0
LF:29
LH:1
end_of_record
SF:lib\features\home\presentation\view\widgets\featured_item_button.dart
DA:6,0
DA:13,0
DA:15,0
DA:16,0
DA:22,0
DA:23,0
DA:26,0
DA:27,0
DA:28,0
DA:29,0
DA:30,0
LF:11
LH:0
end_of_record
SF:lib\features\home\presentation\view\widgets\featured_list_of_item.dart
DA:5,1
DA:7,0
DA:9,0
DA:11,0
DA:12,0
LF:5
LH:1
end_of_record
SF:lib\features\home\presentation\view\widgets\home_view.dart
DA:9,1
DA:11,0
DA:13,0
DA:14,0
DA:15,0
LF:5
LH:1
end_of_record
SF:lib\features\home\presentation\view\widgets\home_view_body.dart
DA:13,1
DA:17,0
DA:18,0
DA:22,0
DA:24,0
DA:25,0
DA:28,0
DA:30,0
DA:31,0
DA:35,0
DA:36,0
DA:37,0
DA:38,0
DA:41,0
DA:42,0
DA:43,0
LF:16
LH:1
end_of_record
SF:lib\features\home\presentation\view\widgets\products_grid_view_builder.dart
DA:11,2
DA:13,0
DA:15,0
DA:16,0
DA:18,0
DA:19,0
DA:21,0
DA:22,0
DA:24,0
DA:26,0
DA:27,0
LF:11
LH:1
end_of_record
SF:lib\features\home\presentation\view\widgets\user_app_bar.dart
DA:10,1
DA:12,0
DA:14,0
DA:15,0
DA:18,0
DA:19,0
DA:20,0
DA:21,0
DA:22,0
DA:25,0
DA:26,0
DA:27,0
DA:28,0
LF:13
LH:1
end_of_record
SF:lib\features\home\presentation\view\widgets\inactive_item.dart
DA:5,0
DA:8,0
DA:10,0
LF:3
LH:0
end_of_record
SF:lib\features\home\presentation\view\widgets\local_change_item.dart
DA:10,1
DA:12,0
DA:14,0
DA:15,0
DA:16,0
DA:17,0
DA:21,0
DA:22,0
DA:24,0
DA:27,0
DA:28,0
DA:29,0
DA:30,0
DA:35,0
LF:14
LH:1
end_of_record
SF:lib\features\home\presentation\view\widgets\main_view_body.dart
DA:8,0
DA:15,0
DA:17,0
DA:18,0
LF:4
LH:0
end_of_record
SF:lib\features\home\presentation\view\widgets\product_header_bar.dart
DA:8,0
DA:10,0
DA:12,0
DA:14,0
DA:15,0
DA:16,0
DA:20,0
DA:22,0
DA:23,0
DA:24,0
DA:26,0
DA:29,0
LF:12
LH:0
end_of_record
SF:lib\features\home\presentation\view\widgets\products_grid_view.dart
DA:6,0
DA:9,0
DA:11,0
DA:18,0
DA:19,0
DA:20,0
LF:6
LH:0
end_of_record
SF:lib\features\home\presentation\view\widgets\profile_header.dart
DA:7,1
DA:11,0
DA:13,0
DA:15,0
DA:16,0
DA:17,0
DA:19,0
DA:21,0
DA:24,0
DA:29,0
DA:30,0
DA:32,0
DA:43,0
DA:44,0
DA:45,0
DA:51,0
DA:52,0
DA:53,0
DA:54,0
LF:19
LH:1
end_of_record
SF:lib\features\home\presentation\view\widgets\profile_item.dart
DA:7,0
DA:13,0
DA:15,0
DA:17,0
DA:18,0
DA:19,0
DA:23,0
DA:24,0
DA:25,0
DA:26,0
DA:29,0
DA:30,0
LF:12
LH:0
end_of_record
SF:lib\features\home\presentation\view\widgets\profile_item_list.dart
DA:8,1
DA:10,0
DA:12,0
DA:15,0
DA:16,0
DA:17,0
DA:19,0
DA:26,0
DA:27,0
DA:28,0
DA:31,0
DA:32,0
DA:35,0
DA:36,0
LF:14
LH:1
end_of_record
SF:lib\features\home\presentation\view\widgets\theme_item.dart
DA:10,1
DA:12,0
DA:14,0
DA:15,0
DA:16,0
DA:17,0
DA:21,0
DA:22,0
DA:24,0
DA:27,0
DA:28,0
DA:29,0
DA:31,0
DA:32,0
DA:33,0
LF:15
LH:1
end_of_record
SF:lib\features\home\presentation\view\widgets\search_bar.dart
DA:8,0
DA:11,0
DA:13,0
DA:15,0
DA:16,0
DA:17,0
DA:18,0
DA:25,0
DA:26,0
DA:28,0
DA:30,0
DA:32,0
DA:34,0
DA:36,0
DA:37,0
DA:42,0
DA:44,0
LF:17
LH:0
end_of_record
SF:lib\features\home\presentation\view\widgets\search_result_grid_view_builder.dart
DA:11,1
DA:13,0
DA:15,0
DA:16,0
DA:18,0
DA:19,0
DA:21,0
DA:22,0
DA:23,0
DA:24,0
DA:25,0
DA:27,0
DA:28,0
LF:13
LH:1
end_of_record
SF:lib\features\on_boarding\presentation\views\widgets\on_boarding_view_body.dart
DA:12,1
DA:14,0
DA:15,0
DA:21,0
DA:23,0
DA:24,0
DA:25,0
DA:26,0
DA:27,0
DA:28,0
DA:33,0
DA:35,0
DA:36,0
DA:39,0
DA:41,0
DA:42,0
DA:43,0
DA:44,0
DA:45,0
DA:46,0
DA:49,0
DA:51,0
DA:52,0
DA:53,0
DA:56,0
DA:57,0
DA:61,0
DA:64,0
DA:65,0
DA:66,0
DA:67,0
DA:68,0
LF:32
LH:1
end_of_record
SF:lib\features\on_boarding\presentation\views\widgets\on_boarding_page_view.dart
DA:10,0
DA:12,0
DA:14,0
DA:15,0
DA:16,0
DA:17,0
DA:18,0
DA:20,0
DA:23,0
DA:24,0
DA:25,0
DA:26,0
DA:27,0
DA:28,0
DA:30,0
DA:31,0
DA:34,0
DA:36,0
DA:37,0
DA:43,0
DA:45,0
DA:47,0
DA:50,0
DA:52,0
DA:53,0
DA:54,0
DA:60,0
LF:27
LH:0
end_of_record
SF:lib\features\on_boarding\presentation\views\widgets\page_view_item.dart
DA:15,0
DA:19,0
DA:21,0
DA:22,0
DA:23,0
DA:24,0
DA:25,0
DA:26,0
DA:27,0
DA:28,0
DA:33,0
DA:37,0
DA:38,0
DA:42,0
DA:45,0
DA:46,0
DA:47,0
DA:48,0
DA:49,0
DA:50,0
DA:52,0
DA:55,0
DA:56,0
DA:67,0
DA:69,0
DA:71,0
DA:73,0
LF:27
LH:0
end_of_record
SF:lib\generated\intl\messages_all.dart
DA:23,0
DA:24,0
DA:25,0
DA:28,0
DA:30,0
DA:31,0
DA:32,0
DA:33,0
DA:40,0
DA:41,0
DA:43,0
DA:44,0
DA:47,0
DA:49,0
DA:50,0
DA:51,0
DA:52,0
DA:53,0
DA:56,0
DA:58,0
DA:64,0
DA:65,0
DA:68,0
DA:71,0
LF:24
LH:0
end_of_record
SF:lib\generated\intl\messages_ar.dart
DA:16,0
DA:21,0
DA:24,0
DA:25,0
DA:28,0
DA:29,0
DA:30,0
DA:31,0
DA:34,0
DA:37,0
DA:40,0
DA:43,0
DA:46,0
DA:49,0
DA:50,0
DA:51,0
DA:52,0
DA:53,0
DA:54,0
DA:55,0
DA:56,0
DA:57,0
DA:60,0
DA:61,0
DA:62,0
DA:63,0
DA:64,0
DA:65,0
DA:66,0
DA:67,0
DA:70,0
DA:71,0
DA:72,0
DA:73,0
DA:74,0
DA:77,0
DA:80,0
DA:81,0
DA:82,0
DA:85,0
DA:88,0
DA:89,0
DA:90,0
DA:91,0
DA:92,0
DA:93,0
DA:94,0
DA:95,0
DA:96,0
DA:99,0
DA:102,0
DA:103,0
DA:104,0
DA:105,0
DA:106,0
DA:107,0
DA:108,0
DA:111,0
DA:112,0
DA:113,0
DA:114,0
DA:115,0
DA:116,0
DA:117,0
DA:118,0
DA:119,0
DA:120,0
DA:121,0
DA:124,0
DA:127,0
DA:128,0
DA:129,0
DA:130,0
DA:131,0
DA:132,0
DA:133,0
DA:134,0
DA:135,0
DA:136,0
DA:137,0
DA:138,0
DA:141,0
DA:144,0
DA:145,0
DA:146,0
DA:147,0
LF:86
LH:0
end_of_record
SF:lib\generated\intl\messages_en.dart
DA:16,0
DA:21,0
DA:24,0
DA:25,0
DA:28,0
DA:29,0
DA:30,0
DA:31,0
DA:34,0
DA:37,0
DA:40,0
DA:43,0
DA:46,0
DA:49,0
DA:52,0
DA:53,0
DA:54,0
DA:55,0
DA:56,0
DA:57,0
DA:58,0
DA:59,0
DA:60,0
DA:63,0
DA:64,0
DA:65,0
DA:66,0
DA:69,0
DA:70,0
DA:71,0
DA:72,0
DA:75,0
DA:78,0
DA:79,0
DA:80,0
DA:81,0
DA:82,0
DA:85,0
DA:86,0
DA:87,0
DA:90,0
DA:93,0
DA:94,0
DA:95,0
DA:96,0
DA:97,0
DA:98,0
DA:99,0
DA:100,0
DA:101,0
DA:104,0
DA:107,0
DA:108,0
DA:109,0
DA:110,0
DA:111,0
DA:112,0
DA:113,0
DA:116,0
DA:117,0
DA:118,0
DA:119,0
DA:120,0
DA:121,0
DA:122,0
DA:123,0
DA:124,0
DA:125,0
DA:126,0
DA:127,0
DA:130,0
DA:131,0
DA:132,0
DA:133,0
DA:134,0
DA:137,0
DA:138,0
DA:139,0
DA:140,0
DA:141,0
DA:142,0
DA:143,0
DA:146,0
DA:149,0
DA:150,0
DA:151,0
DA:152,0
LF:87
LH:0
end_of_record
